<?xml version="1.0" encoding="UTF-8"?>
<testsuite xmlns:xsi="http://www.w3.org/2001/XMLSchema-instance" xsi:noNamespaceSchemaLocation="https://maven.apache.org/surefire/maven-surefire-plugin/xsd/surefire-test-report.xsd" name="TestSuite" time="32.705" tests="1" errors="0" skipped="0" failures="0">
  <properties>
    <property name="sun.desktop" value="windows"/>
    <property name="awt.toolkit" value="sun.awt.windows.WToolkit"/>
    <property name="java.specification.version" value="1.8"/>
    <property name="file.encoding.pkg" value="sun.io"/>
    <property name="webdriver.chrome.driver" value="lib/chrome/chromedriver.exe"/>
    <property name="sun.cpu.isalist" value="amd64"/>
    <property name="sun.jnu.encoding" value="Cp1251"/>
    <property name="java.class.path" value="D:\IntelliJIDEA Projects\First_Test_projects\trunk\target\test-classes;D:\IntelliJIDEA Projects\First_Test_projects\trunk\target\classes;C:\Users\bondarenko\.m2\repository\org\junit\jupiter\junit-jupiter-api\5.2.0\junit-jupiter-api-5.2.0.jar;C:\Users\bondarenko\.m2\repository\org\apiguardian\apiguardian-api\1.0.0\apiguardian-api-1.0.0.jar;C:\Users\bondarenko\.m2\repository\org\opentest4j\opentest4j\1.1.0\opentest4j-1.1.0.jar;C:\Users\bondarenko\.m2\repository\org\junit\platform\junit-platform-commons\1.2.0\junit-platform-commons-1.2.0.jar;C:\Users\bondarenko\.m2\repository\org\testng\testng\6.14.2\testng-6.14.2.jar;C:\Users\bondarenko\.m2\repository\com\beust\jcommander\1.72\jcommander-1.72.jar;C:\Users\bondarenko\.m2\repository\org\apache-extras\beanshell\bsh\2.0b6\bsh-2.0b6.jar;C:\Users\bondarenko\.m2\repository\commons-io\commons-io\1.3.2\commons-io-1.3.2.jar;C:\Users\bondarenko\.m2\repository\org\seleniumhq\selenium\selenium-firefox-driver\3.11.0\selenium-firefox-driver-3.11.0.jar;C:\Users\bondarenko\.m2\repository\org\seleniumhq\selenium\selenium-api\3.11.0\selenium-api-3.11.0.jar;C:\Users\bondarenko\.m2\repository\org\seleniumhq\selenium\selenium-remote-driver\3.11.0\selenium-remote-driver-3.11.0.jar;C:\Users\bondarenko\.m2\repository\net\bytebuddy\byte-buddy\1.7.9\byte-buddy-1.7.9.jar;C:\Users\bondarenko\.m2\repository\org\apache\commons\commons-exec\1.3\commons-exec-1.3.jar;C:\Users\bondarenko\.m2\repository\commons-codec\commons-codec\1.10\commons-codec-1.10.jar;C:\Users\bondarenko\.m2\repository\commons-logging\commons-logging\1.2\commons-logging-1.2.jar;C:\Users\bondarenko\.m2\repository\com\google\code\gson\gson\2.8.2\gson-2.8.2.jar;C:\Users\bondarenko\.m2\repository\com\google\guava\guava\23.6-jre\guava-23.6-jre.jar;C:\Users\bondarenko\.m2\repository\com\google\code\findbugs\jsr305\1.3.9\jsr305-1.3.9.jar;C:\Users\bondarenko\.m2\repository\org\checkerframework\checker-compat-qual\2.0.0\checker-compat-qual-2.0.0.jar;C:\Users\bondarenko\.m2\repository\com\google\errorprone\error_prone_annotations\2.1.3\error_prone_annotations-2.1.3.jar;C:\Users\bondarenko\.m2\repository\com\google\j2objc\j2objc-annotations\1.1\j2objc-annotations-1.1.jar;C:\Users\bondarenko\.m2\repository\org\codehaus\mojo\animal-sniffer-annotations\1.14\animal-sniffer-annotations-1.14.jar;C:\Users\bondarenko\.m2\repository\org\apache\httpcomponents\httpclient\4.5.3\httpclient-4.5.3.jar;C:\Users\bondarenko\.m2\repository\org\apache\httpcomponents\httpcore\4.4.6\httpcore-4.4.6.jar;C:\Users\bondarenko\.m2\repository\com\squareup\okhttp3\okhttp\3.9.1\okhttp-3.9.1.jar;C:\Users\bondarenko\.m2\repository\com\squareup\okio\okio\1.13.0\okio-1.13.0.jar;C:\Users\bondarenko\.m2\repository\org\seleniumhq\selenium\selenium-chrome-driver\3.11.0\selenium-chrome-driver-3.11.0.jar;C:\Users\bondarenko\.m2\repository\org\seleniumhq\selenium\selenium-support\3.11.0\selenium-support-3.11.0.jar;C:\Users\bondarenko\.m2\repository\info\cukes\cucumber-java\1.2.5\cucumber-java-1.2.5.jar;C:\Users\bondarenko\.m2\repository\info\cukes\cucumber-core\1.2.5\cucumber-core-1.2.5.jar;C:\Users\bondarenko\.m2\repository\info\cukes\cucumber-html\0.2.3\cucumber-html-0.2.3.jar;C:\Users\bondarenko\.m2\repository\info\cukes\cucumber-jvm-deps\1.0.5\cucumber-jvm-deps-1.0.5.jar;C:\Users\bondarenko\.m2\repository\info\cukes\gherkin\2.12.2\gherkin-2.12.2.jar;C:\Users\bondarenko\.m2\repository\info\cukes\cucumber-testng\1.2.5\cucumber-testng-1.2.5.jar;C:\Users\bondarenko\.m2\repository\org\apache\logging\log4j\log4j-api\2.11.0\log4j-api-2.11.0.jar;C:\Users\bondarenko\.m2\repository\org\apache\logging\log4j\log4j-core\2.11.0\log4j-core-2.11.0.jar;C:\Users\bondarenko\.m2\repository\net\lightbody\bmp\browsermob-proxy\2.0-beta-8\browsermob-proxy-2.0-beta-8.jar;C:\Users\bondarenko\.m2\repository\org\slf4j\slf4j-jdk14\1.5.3\slf4j-jdk14-1.5.3.jar;C:\Users\bondarenko\.m2\repository\org\slf4j\slf4j-api\1.5.3\slf4j-api-1.5.3.jar;C:\Users\bondarenko\.m2\repository\com\google\sitebricks\sitebricks\0.8.3\sitebricks-0.8.3.jar;C:\Users\bondarenko\.m2\repository\org\mvel\mvel2\2.0.18\mvel2-2.0.18.jar;C:\Users\bondarenko\.m2\repository\com\intellij\annotations\7.0.3\annotations-7.0.3.jar;C:\Users\bondarenko\.m2\repository\commons-httpclient\commons-httpclient\3.1\commons-httpclient-3.1.jar;C:\Users\bondarenko\.m2\repository\commons-lang\commons-lang\2.5\commons-lang-2.5.jar;C:\Users\bondarenko\.m2\repository\dom4j\dom4j\1.6.1\dom4j-1.6.1.jar;C:\Users\bondarenko\.m2\repository\jaxen\jaxen\1.1.1\jaxen-1.1.1.jar;C:\Users\bondarenko\.m2\repository\jdom\jdom\1.0\jdom-1.0.jar;C:\Users\bondarenko\.m2\repository\xom\xom\1.0\xom-1.0.jar;C:\Users\bondarenko\.m2\repository\xerces\xmlParserAPIs\2.6.2\xmlParserAPIs-2.6.2.jar;C:\Users\bondarenko\.m2\repository\xalan\xalan\2.6.0\xalan-2.6.0.jar;C:\Users\bondarenko\.m2\repository\com\ibm\icu\icu4j\2.6.1\icu4j-2.6.1.jar;C:\Users\bondarenko\.m2\repository\saxpath\saxpath\1.0-FCS\saxpath-1.0-FCS.jar;C:\Users\bondarenko\.m2\repository\javax\servlet\servlet-api\2.5\servlet-api-2.5.jar;C:\Users\bondarenko\.m2\repository\com\thoughtworks\xstream\xstream\1.3.1\xstream-1.3.1.jar;C:\Users\bondarenko\.m2\repository\xpp3\xpp3_min\1.1.4c\xpp3_min-1.1.4c.jar;C:\Users\bondarenko\.m2\repository\org\jsoup\jsoup\1.4.1\jsoup-1.4.1.jar;C:\Users\bondarenko\.m2\repository\org\freemarker\freemarker\2.3.10\freemarker-2.3.10.jar;C:\Users\bondarenko\.m2\repository\com\google\inject\extensions\guice-multibindings\3.0\guice-multibindings-3.0.jar;C:\Users\bondarenko\.m2\repository\org\codehaus\jackson\jackson-core-asl\1.7.1\jackson-core-asl-1.7.1.jar;C:\Users\bondarenko\.m2\repository\org\codehaus\jackson\jackson-mapper-asl\1.7.1\jackson-mapper-asl-1.7.1.jar;C:\Users\bondarenko\.m2\repository\org\apache\httpcomponents\httpmime\4.2.3\httpmime-4.2.3.jar;C:\Users\bondarenko\.m2\repository\net\sf\jopt-simple\jopt-simple\3.2\jopt-simple-3.2.jar;C:\Users\bondarenko\.m2\repository\org\apache\ant\ant\1.8.2\ant-1.8.2.jar;C:\Users\bondarenko\.m2\repository\org\apache\ant\ant-launcher\1.8.2\ant-launcher-1.8.2.jar;C:\Users\bondarenko\.m2\repository\org\bouncycastle\bcprov-jdk15on\1.47\bcprov-jdk15on-1.47.jar;C:\Users\bondarenko\.m2\repository\org\eclipse\jetty\jetty-server\7.3.0.v20110203\jetty-server-7.3.0.v20110203.jar;C:\Users\bondarenko\.m2\repository\org\eclipse\jetty\jetty-continuation\7.3.0.v20110203\jetty-continuation-7.3.0.v20110203.jar;C:\Users\bondarenko\.m2\repository\org\eclipse\jetty\jetty-http\7.3.0.v20110203\jetty-http-7.3.0.v20110203.jar;C:\Users\bondarenko\.m2\repository\org\eclipse\jetty\jetty-io\7.3.0.v20110203\jetty-io-7.3.0.v20110203.jar;C:\Users\bondarenko\.m2\repository\org\eclipse\jetty\jetty-util\7.3.0.v20110203\jetty-util-7.3.0.v20110203.jar;C:\Users\bondarenko\.m2\repository\org\eclipse\jetty\jetty-servlet\7.3.0.v20110203\jetty-servlet-7.3.0.v20110203.jar;C:\Users\bondarenko\.m2\repository\org\eclipse\jetty\jetty-security\7.3.0.v20110203\jetty-security-7.3.0.v20110203.jar;C:\Users\bondarenko\.m2\repository\com\google\inject\guice\3.0\guice-3.0.jar;C:\Users\bondarenko\.m2\repository\javax\inject\javax.inject\1\javax.inject-1.jar;C:\Users\bondarenko\.m2\repository\aopalliance\aopalliance\1.0\aopalliance-1.0.jar;C:\Users\bondarenko\.m2\repository\com\google\inject\extensions\guice-servlet\3.0\guice-servlet-3.0.jar;C:\Users\bondarenko\.m2\repository\net\jcip\jcip-annotations\1.0\jcip-annotations-1.0.jar;C:\Users\bondarenko\.m2\repository\org\apache\maven\surefire\surefire-testng-utils\2.21.0\surefire-testng-utils-2.21.0.jar;C:\Users\bondarenko\.m2\repository\org\apache\maven\surefire\surefire-grouper\2.21.0\surefire-grouper-2.21.0.jar;"/>
    <property name="java.vm.vendor" value="Oracle Corporation"/>
    <property name="sun.arch.data.model" value="64"/>
    <property name="webdriver.ie.driver" value="lib/iexplorer/IEDriverServer.exe"/>
    <property name="user.variant" value=""/>
    <property name="java.vendor.url" value="http://java.oracle.com/"/>
    <property name="user.timezone" value=""/>
    <property name="java.vm.specification.version" value="1.8"/>
    <property name="os.name" value="Windows 7"/>
    <property name="user.country" value="RU"/>
    <property name="sun.java.launcher" value="SUN_STANDARD"/>
    <property name="sun.boot.library.path" value="C:\Program Files\Java\jdk1.8.0_172\jre\bin"/>
    <property name="sun.java.command" value="C:\Users\BONDAR~1\AppData\Local\Temp\surefire5209490720408311598\surefirebooter6846602639390045645.jar C:\Users\bondarenko\AppData\Local\Temp\surefire5209490720408311598 2018-06-20T13-56-51_540-jvmRun1 surefire2896375224751990719tmp surefire_05332913681203736830tmp"/>
    <property name="surefire.test.class.path" value="D:\IntelliJIDEA Projects\First_Test_projects\trunk\target\test-classes;D:\IntelliJIDEA Projects\First_Test_projects\trunk\target\classes;C:\Users\bondarenko\.m2\repository\org\junit\jupiter\junit-jupiter-api\5.2.0\junit-jupiter-api-5.2.0.jar;C:\Users\bondarenko\.m2\repository\org\apiguardian\apiguardian-api\1.0.0\apiguardian-api-1.0.0.jar;C:\Users\bondarenko\.m2\repository\org\opentest4j\opentest4j\1.1.0\opentest4j-1.1.0.jar;C:\Users\bondarenko\.m2\repository\org\junit\platform\junit-platform-commons\1.2.0\junit-platform-commons-1.2.0.jar;C:\Users\bondarenko\.m2\repository\org\testng\testng\6.14.2\testng-6.14.2.jar;C:\Users\bondarenko\.m2\repository\com\beust\jcommander\1.72\jcommander-1.72.jar;C:\Users\bondarenko\.m2\repository\org\apache-extras\beanshell\bsh\2.0b6\bsh-2.0b6.jar;C:\Users\bondarenko\.m2\repository\commons-io\commons-io\1.3.2\commons-io-1.3.2.jar;C:\Users\bondarenko\.m2\repository\org\seleniumhq\selenium\selenium-firefox-driver\3.11.0\selenium-firefox-driver-3.11.0.jar;C:\Users\bondarenko\.m2\repository\org\seleniumhq\selenium\selenium-api\3.11.0\selenium-api-3.11.0.jar;C:\Users\bondarenko\.m2\repository\org\seleniumhq\selenium\selenium-remote-driver\3.11.0\selenium-remote-driver-3.11.0.jar;C:\Users\bondarenko\.m2\repository\net\bytebuddy\byte-buddy\1.7.9\byte-buddy-1.7.9.jar;C:\Users\bondarenko\.m2\repository\org\apache\commons\commons-exec\1.3\commons-exec-1.3.jar;C:\Users\bondarenko\.m2\repository\commons-codec\commons-codec\1.10\commons-codec-1.10.jar;C:\Users\bondarenko\.m2\repository\commons-logging\commons-logging\1.2\commons-logging-1.2.jar;C:\Users\bondarenko\.m2\repository\com\google\code\gson\gson\2.8.2\gson-2.8.2.jar;C:\Users\bondarenko\.m2\repository\com\google\guava\guava\23.6-jre\guava-23.6-jre.jar;C:\Users\bondarenko\.m2\repository\com\google\code\findbugs\jsr305\1.3.9\jsr305-1.3.9.jar;C:\Users\bondarenko\.m2\repository\org\checkerframework\checker-compat-qual\2.0.0\checker-compat-qual-2.0.0.jar;C:\Users\bondarenko\.m2\repository\com\google\errorprone\error_prone_annotations\2.1.3\error_prone_annotations-2.1.3.jar;C:\Users\bondarenko\.m2\repository\com\google\j2objc\j2objc-annotations\1.1\j2objc-annotations-1.1.jar;C:\Users\bondarenko\.m2\repository\org\codehaus\mojo\animal-sniffer-annotations\1.14\animal-sniffer-annotations-1.14.jar;C:\Users\bondarenko\.m2\repository\org\apache\httpcomponents\httpclient\4.5.3\httpclient-4.5.3.jar;C:\Users\bondarenko\.m2\repository\org\apache\httpcomponents\httpcore\4.4.6\httpcore-4.4.6.jar;C:\Users\bondarenko\.m2\repository\com\squareup\okhttp3\okhttp\3.9.1\okhttp-3.9.1.jar;C:\Users\bondarenko\.m2\repository\com\squareup\okio\okio\1.13.0\okio-1.13.0.jar;C:\Users\bondarenko\.m2\repository\org\seleniumhq\selenium\selenium-chrome-driver\3.11.0\selenium-chrome-driver-3.11.0.jar;C:\Users\bondarenko\.m2\repository\org\seleniumhq\selenium\selenium-support\3.11.0\selenium-support-3.11.0.jar;C:\Users\bondarenko\.m2\repository\info\cukes\cucumber-java\1.2.5\cucumber-java-1.2.5.jar;C:\Users\bondarenko\.m2\repository\info\cukes\cucumber-core\1.2.5\cucumber-core-1.2.5.jar;C:\Users\bondarenko\.m2\repository\info\cukes\cucumber-html\0.2.3\cucumber-html-0.2.3.jar;C:\Users\bondarenko\.m2\repository\info\cukes\cucumber-jvm-deps\1.0.5\cucumber-jvm-deps-1.0.5.jar;C:\Users\bondarenko\.m2\repository\info\cukes\gherkin\2.12.2\gherkin-2.12.2.jar;C:\Users\bondarenko\.m2\repository\info\cukes\cucumber-testng\1.2.5\cucumber-testng-1.2.5.jar;C:\Users\bondarenko\.m2\repository\org\apache\logging\log4j\log4j-api\2.11.0\log4j-api-2.11.0.jar;C:\Users\bondarenko\.m2\repository\org\apache\logging\log4j\log4j-core\2.11.0\log4j-core-2.11.0.jar;C:\Users\bondarenko\.m2\repository\net\lightbody\bmp\browsermob-proxy\2.0-beta-8\browsermob-proxy-2.0-beta-8.jar;C:\Users\bondarenko\.m2\repository\org\slf4j\slf4j-jdk14\1.5.3\slf4j-jdk14-1.5.3.jar;C:\Users\bondarenko\.m2\repository\org\slf4j\slf4j-api\1.5.3\slf4j-api-1.5.3.jar;C:\Users\bondarenko\.m2\repository\com\google\sitebricks\sitebricks\0.8.3\sitebricks-0.8.3.jar;C:\Users\bondarenko\.m2\repository\org\mvel\mvel2\2.0.18\mvel2-2.0.18.jar;C:\Users\bondarenko\.m2\repository\com\intellij\annotations\7.0.3\annotations-7.0.3.jar;C:\Users\bondarenko\.m2\repository\commons-httpclient\commons-httpclient\3.1\commons-httpclient-3.1.jar;C:\Users\bondarenko\.m2\repository\commons-lang\commons-lang\2.5\commons-lang-2.5.jar;C:\Users\bondarenko\.m2\repository\dom4j\dom4j\1.6.1\dom4j-1.6.1.jar;C:\Users\bondarenko\.m2\repository\jaxen\jaxen\1.1.1\jaxen-1.1.1.jar;C:\Users\bondarenko\.m2\repository\jdom\jdom\1.0\jdom-1.0.jar;C:\Users\bondarenko\.m2\repository\xom\xom\1.0\xom-1.0.jar;C:\Users\bondarenko\.m2\repository\xerces\xmlParserAPIs\2.6.2\xmlParserAPIs-2.6.2.jar;C:\Users\bondarenko\.m2\repository\xalan\xalan\2.6.0\xalan-2.6.0.jar;C:\Users\bondarenko\.m2\repository\com\ibm\icu\icu4j\2.6.1\icu4j-2.6.1.jar;C:\Users\bondarenko\.m2\repository\saxpath\saxpath\1.0-FCS\saxpath-1.0-FCS.jar;C:\Users\bondarenko\.m2\repository\javax\servlet\servlet-api\2.5\servlet-api-2.5.jar;C:\Users\bondarenko\.m2\repository\com\thoughtworks\xstream\xstream\1.3.1\xstream-1.3.1.jar;C:\Users\bondarenko\.m2\repository\xpp3\xpp3_min\1.1.4c\xpp3_min-1.1.4c.jar;C:\Users\bondarenko\.m2\repository\org\jsoup\jsoup\1.4.1\jsoup-1.4.1.jar;C:\Users\bondarenko\.m2\repository\org\freemarker\freemarker\2.3.10\freemarker-2.3.10.jar;C:\Users\bondarenko\.m2\repository\com\google\inject\extensions\guice-multibindings\3.0\guice-multibindings-3.0.jar;C:\Users\bondarenko\.m2\repository\org\codehaus\jackson\jackson-core-asl\1.7.1\jackson-core-asl-1.7.1.jar;C:\Users\bondarenko\.m2\repository\org\codehaus\jackson\jackson-mapper-asl\1.7.1\jackson-mapper-asl-1.7.1.jar;C:\Users\bondarenko\.m2\repository\org\apache\httpcomponents\httpmime\4.2.3\httpmime-4.2.3.jar;C:\Users\bondarenko\.m2\repository\net\sf\jopt-simple\jopt-simple\3.2\jopt-simple-3.2.jar;C:\Users\bondarenko\.m2\repository\org\apache\ant\ant\1.8.2\ant-1.8.2.jar;C:\Users\bondarenko\.m2\repository\org\apache\ant\ant-launcher\1.8.2\ant-launcher-1.8.2.jar;C:\Users\bondarenko\.m2\repository\org\bouncycastle\bcprov-jdk15on\1.47\bcprov-jdk15on-1.47.jar;C:\Users\bondarenko\.m2\repository\org\eclipse\jetty\jetty-server\7.3.0.v20110203\jetty-server-7.3.0.v20110203.jar;C:\Users\bondarenko\.m2\repository\org\eclipse\jetty\jetty-continuation\7.3.0.v20110203\jetty-continuation-7.3.0.v20110203.jar;C:\Users\bondarenko\.m2\repository\org\eclipse\jetty\jetty-http\7.3.0.v20110203\jetty-http-7.3.0.v20110203.jar;C:\Users\bondarenko\.m2\repository\org\eclipse\jetty\jetty-io\7.3.0.v20110203\jetty-io-7.3.0.v20110203.jar;C:\Users\bondarenko\.m2\repository\org\eclipse\jetty\jetty-util\7.3.0.v20110203\jetty-util-7.3.0.v20110203.jar;C:\Users\bondarenko\.m2\repository\org\eclipse\jetty\jetty-servlet\7.3.0.v20110203\jetty-servlet-7.3.0.v20110203.jar;C:\Users\bondarenko\.m2\repository\org\eclipse\jetty\jetty-security\7.3.0.v20110203\jetty-security-7.3.0.v20110203.jar;C:\Users\bondarenko\.m2\repository\com\google\inject\guice\3.0\guice-3.0.jar;C:\Users\bondarenko\.m2\repository\javax\inject\javax.inject\1\javax.inject-1.jar;C:\Users\bondarenko\.m2\repository\aopalliance\aopalliance\1.0\aopalliance-1.0.jar;C:\Users\bondarenko\.m2\repository\com\google\inject\extensions\guice-servlet\3.0\guice-servlet-3.0.jar;C:\Users\bondarenko\.m2\repository\net\jcip\jcip-annotations\1.0\jcip-annotations-1.0.jar;C:\Users\bondarenko\.m2\repository\org\apache\maven\surefire\surefire-testng-utils\2.21.0\surefire-testng-utils-2.21.0.jar;C:\Users\bondarenko\.m2\repository\org\apache\maven\surefire\surefire-grouper\2.21.0\surefire-grouper-2.21.0.jar;"/>
    <property name="sun.cpu.endian" value="little"/>
    <property name="user.home" value="C:\Users\bondarenko"/>
    <property name="user.language" value="ru"/>
    <property name="java.specification.vendor" value="Oracle Corporation"/>
    <property name="java.home" value="C:\Program Files\Java\jdk1.8.0_172\jre"/>
    <property name="basedir" value="D:\IntelliJIDEA Projects\First_Test_projects\trunk"/>
    <property name="file.separator" value="\"/>
    <property name="line.separator" value="&#10;"/>
    <property name="java.vm.specification.vendor" value="Oracle Corporation"/>
    <property name="java.specification.name" value="Java Platform API Specification"/>
    <property name="java.awt.graphicsenv" value="sun.awt.Win32GraphicsEnvironment"/>
    <property name="surefire.real.class.path" value="C:\Users\BONDAR~1\AppData\Local\Temp\surefire5209490720408311598\surefirebooter6846602639390045645.jar"/>
    <property name="sun.boot.class.path" value="C:\Program Files\Java\jdk1.8.0_172\jre\lib\resources.jar;C:\Program Files\Java\jdk1.8.0_172\jre\lib\rt.jar;C:\Program Files\Java\jdk1.8.0_172\jre\lib\sunrsasign.jar;C:\Program Files\Java\jdk1.8.0_172\jre\lib\jsse.jar;C:\Program Files\Java\jdk1.8.0_172\jre\lib\jce.jar;C:\Program Files\Java\jdk1.8.0_172\jre\lib\charsets.jar;C:\Program Files\Java\jdk1.8.0_172\jre\lib\jfr.jar;C:\Program Files\Java\jdk1.8.0_172\jre\classes"/>
    <property name="user.script" value=""/>
    <property name="sun.management.compiler" value="HotSpot 64-Bit Tiered Compilers"/>
    <property name="java.runtime.version" value="1.8.0_172-b11"/>
    <property name="user.name" value="bondarenko"/>
    <property name="path.separator" value=";"/>
    <property name="os.version" value="6.1"/>
    <property name="java.endorsed.dirs" value="C:\Program Files\Java\jdk1.8.0_172\jre\lib\endorsed"/>
    <property name="java.runtime.name" value="Java(TM) SE Runtime Environment"/>
    <property name="file.encoding" value="Cp1251"/>
    <property name="java.vm.name" value="Java HotSpot(TM) 64-Bit Server VM"/>
    <property name="localRepository" value="C:\Users\bondarenko\.m2\repository"/>
    <property name="java.vendor.url.bug" value="http://bugreport.sun.com/bugreport/"/>
    <property name="java.io.tmpdir" value="C:\Users\BONDAR~1\AppData\Local\Temp\"/>
    <property name="java.version" value="1.8.0_172"/>
    <property name="user.dir" value="D:\IntelliJIDEA Projects\First_Test_projects\trunk"/>
    <property name="os.arch" value="amd64"/>
    <property name="webdriver.gecko.driver" value="lib/firefox/geckodriver.exe"/>
    <property name="java.vm.specification.name" value="Java Virtual Machine Specification"/>
    <property name="java.awt.printerjob" value="sun.awt.windows.WPrinterJob"/>
    <property name="sun.os.patch.level" value="Service Pack 1"/>
    <property name="java.library.path" value="C:\Program Files\Java\jdk1.8.0_172\jre\bin;C:\Windows\Sun\Java\bin;C:\Windows\system32;C:\Windows;C:\PROGRA~2\Borland\CBUILD~1\Bin;C:\PROGRA~2\Borland\CBUILD~1\Projects\Bpl;C:\Program Files (x86)\Common Files\Oracle\Java\javapath;C:\Program Files (x86)\Intel\iCLS Client\;C:\Program Files\Intel\iCLS Client\;C:\Windows\system32;C:\Windows;C:\Windows\System32\Wbem;C:\Windows\System32\WindowsPowerShell\v1.0\;C:\Program Files\Intel\Intel(R) Management Engine Components\DAL;C:\Program Files (x86)\Intel\Intel(R) Management Engine Components\DAL;C:\Program Files\Intel\Intel(R) Management Engine Components\IPT;C:\Program Files (x86)\Intel\Intel(R) Management Engine Components\IPT;C:\Program Files\TortoiseSVN\bin;C:\Program Files (x86)\Rational\TestRealTime\bin\intel\win32;C:\Program Files (x86)\Rational\common;C:\apache-maven-3.5.3\bin;C:\PROGRA~2\Borland\CBUILD~1\Bin;C:\PROGRA~2\Borland\CBUILD~1\Projects\Bpl;C:\Program Files (x86)\Common Files\Oracle\Java\javapath;C:\Program Files (x86)\Intel\iCLS Client\;C:\Program Files\Intel\iCLS Client\;C:\Windows\system32;C:\Windows;C:\Windows\System32\Wbem;C:\Windows\System32\WindowsPowerShell\v1.0\;C:\Program Files\Intel\Intel(R) Management Engine Components\DAL;C:\Program Files (x86)\Intel\Intel(R) Management Engine Components\DAL;C:\Program Files\Intel\Intel(R) Management Engine Components\IPT;C:\Program Files (x86)\Intel\Intel(R) Management Engine Components\IPT;C:\Program Files\TortoiseSVN\bin;C:\Program Files (x86)\Rational\TestRealTime\bin\intel\win32;C:\Program Files (x86)\Rational\common;C:\apache-maven-3.5.3\bin;C:\PROGRA~2\Borland\CBUILD~1\Bin;C:\PROGRA~2\Borland\CBUILD~1\Projects\Bpl;C:\Program Files (x86)\Common Files\Oracle\Java\javapath;C:\Program Files (x86)\Intel\iCLS Client\;C:\Program Files\Intel\iCLS Client\;C:\Windows\system32;C:\Windows;C:\Windows\System32\Wbem;C:\Windows\System32\WindowsPowerShell\v1.0\;C:\Program Files\Intel\Intel(R) Management Engine Components\DAL;C:\Program Files (x86)\Intel\Intel(R) Management Engine Components\DAL;C:\Program Files\Intel\Intel(R) Management Engine Components\IPT;C:\Program Files (x86)\Intel\Intel(R) Management Engine Components\IPT;C:\Program Files\TortoiseSVN\bin;C:\Program Files (x86)\Rational\TestRealTime\bin\intel\win32;C:\Program Files (x86)\Rational\common;C:\apache-maven-3.5.3\bin;C:\Windows\System32;C:\MinGW\bin\;C:\MinGW\msys\1.0;C:\MinGW\include;C:\MinGW\lib\gcc\mingw32\6.3.0\include\;C:\Program Files\Git\cmd;C:\sqlite\;;C:\MinGW\bin\;C:\MinGW\msys\1.0;C:\MinGW\include;C:\MinGW\lib\gcc\mingw32\6.3.0\include\;C:\Program Files\Git\cmd;C:\sqlite\;;C:\MinGW\bin\;C:\MinGW\msys\1.0;C:\MinGW\include;C:\MinGW\lib\gcc\mingw32\6.3.0\include\;C:\Program Files\Git\cmd;C:\sqlite\;;."/>
    <property name="suite" value="testng"/>
    <property name="java.vm.info" value="mixed mode"/>
    <property name="java.vendor" value="Oracle Corporation"/>
    <property name="java.vm.version" value="25.172-b11"/>
    <property name="java.ext.dirs" value="C:\Program Files\Java\jdk1.8.0_172\jre\lib\ext;C:\Windows\Sun\Java\lib\ext"/>
    <property name="sun.io.unicode.encoding" value="UnicodeLittle"/>
    <property name="java.class.version" value="52.0"/>
  </properties>
  <testcase name="tShirtsTest" classname="tests.TShirtsTest" time="25.28"/>
</testsuite>