<?xml version="1.0" encoding="UTF-8"?>
<!-- Generated by org.testng.reporters.JUnitReportReporter -->
<testsuite skipped="0" hostname="Bondarenko" name="tests.SecondTest" tests="2" failures="0" timestamp="29 апр 2018 11:03:59 GMT" time="184.881" errors="0">
  <testcase name="checkingCities" time="141.740" classname="tests.SecondTest"/>
  <testcase name="checkBayTicket" time="43.141" classname="tests.SecondTest"/>
</testsuite> <!-- tests.SecondTest -->
